<?xml version="1.0" encoding="utf-8"?><testsuites><testsuite name="pytest" errors="0" failures="0" skipped="0" tests="1" time="0.095" timestamp="2025-02-04T19:57:20.291901+00:00" hostname="VFDNBK-594"><testcase classname="chats.tests" name="test_add_function" time="0.005" /></testsuite></testsuites>